<?xml version="1.0" encoding="UTF-8"?>
<!-- Generated by org.testng.reporters.JUnitReportReporter -->
<testsuite skipped="0" hostname="NDI-LAP-715" name="com.w2a.RestAssuredAPIBatch2.TestCases.VerifyCreateCustomerAPI" tests="1" failures="0" timestamp="13 Oct 2018 06:18:31 GMT" time="3.583" errors="0">
  <testcase name="createUser" time="3.583" classname="com.w2a.RestAssuredAPIBatch2.TestCases.VerifyCreateCustomerAPI"/>
</testsuite> <!-- com.w2a.RestAssuredAPIBatch2.TestCases.VerifyCreateCustomerAPI -->
