<?xml version="1.0" encoding="UTF-8"?>
<!-- Generated by org.testng.reporters.JUnitReportReporter -->
<testsuite skipped="0" hostname="NDI-LAP-715" name="com.w2a.RestAssuredAPIBatch2.TestCases.VerifyCreateCustomerAPI" tests="1" failures="0" timestamp="18 Nov 2018 05:16:04 GMT" time="2.450" errors="0">
  <testcase name="createUser" time="2.450" classname="com.w2a.RestAssuredAPIBatch2.TestCases.VerifyCreateCustomerAPI"/>
</testsuite> <!-- com.w2a.RestAssuredAPIBatch2.TestCases.VerifyCreateCustomerAPI -->
